# ELBREAD: Elaboration process.
# ELBREAD: Elaboration time 0.0 [s].
asim -O5 +access +w_nets +accb +accr +access +r +access +r+w video
# ELBREAD: Elaboration process.
# ELBREAD: Elaboration time 0.0 [s].
# asim: Stack memory: 32MB
# asim: Retval memory: 32MB
# 
# KERNEL: Main thread initiated.
# KERNEL: Kernel process initialization phase.
# KERNEL: Time resolution set to 1ns.
# ELAB2: Elaboration final pass...
# ELAB2: Create instances ...
# ELAB2: Create instances complete.
# SLP: Started
# SLP: Elaboration phase ...
# SLP: Elaboration phase ... skipped, using existing simulator library: 0.0 [s]
# SLP: Finished : 0.2 [s]
# SLP: 0 primitives and 6 (100.00%) other processes in SLP
# SLP: 3 (11.11%) signals in SLP and 24 (88.89%) interface signals
# ELAB2: Elaboration final pass complete - time: 0.7 [s].
# KERNEL: SLP loading done - time: 0.1 [s].
# KERNEL: Warning: You are using the Active-HDL Student Edition. The performance of simulation is running at a reduced rate.
# KERNEL: Warning: For upgrade options please visit our University Program page at www.aldec.com.
# KERNEL: SLP simulation initialization done - time: 0.1 [s].
# KERNEL: Kernel process initialization done.
# Allocation: Simulator allocated 5291 kB (elbread=1023 elab2=4122 kernel=145 sdf=0)
# KERNEL: ASDB file was created in location c:\My_Designs\Nexy3New\Nexys3\src\wave.asdb
#  12:54 PM, Saturday, July 12, 2014
#  Simulation has been initialized
#  Selected Top-Level: video (video)
# 24 signal(s) traced.
# Waveform file 'untitled.awc' connected to 'c:/My_Designs/Nexy3New/Nexys3/src/wave.asdb'.
run
endsim
# KERNEL: stopped at time: 9460086 ns
#  Simulation has been stopped
